<?xml version="1.0" encoding="UTF-8"?>
<testng-results skipped="0" failed="0" total="2" passed="2">
  <reporter-output>
  </reporter-output>
  <suite name="Suite" duration-ms="10338" started-at="2020-01-05T05:44:21Z" finished-at="2020-01-05T05:44:32Z">
    <groups>
    </groups>
    <test name="Test" duration-ms="10338" started-at="2020-01-05T05:44:21Z" finished-at="2020-01-05T05:44:32Z">
      <class name="TestPage.HomePageTest">
        <test-method status="PASS" signature="verifyWomenTag()[pri:0, instance:TestPage.HomePageTest@74751b3]" name="verifyWomenTag" duration-ms="5938" started-at="2020-01-05T11:14:26Z" finished-at="2020-01-05T11:14:32Z">
          <reporter-output>
          </reporter-output>
        </test-method> <!-- verifyWomenTag -->
      </class> <!-- TestPage.HomePageTest -->
      <class name="TestPage.DressPageTest">
        <test-method status="PASS" signature="verifySsize()[pri:0, instance:TestPage.DressPageTest@21e360a]" name="verifySsize" duration-ms="4388" started-at="2020-01-05T11:14:21Z" finished-at="2020-01-05T11:14:26Z">
          <reporter-output>
          </reporter-output>
        </test-method> <!-- verifySsize -->
      </class> <!-- TestPage.DressPageTest -->
    </test> <!-- Test -->
  </suite> <!-- Suite -->
</testng-results>
