<?xml version="1.0" encoding="UTF-8"?>
<testng-results skipped="0" failed="0" ignored="0" total="2" passed="2">
  <reporter-output>
  </reporter-output>
  <suite name="Suite" duration-ms="5481" started-at="2020-01-05T05:33:30Z" finished-at="2020-01-05T05:33:36Z">
    <groups>
    </groups>
    <test name="Test" duration-ms="5481" started-at="2020-01-05T05:33:30Z" finished-at="2020-01-05T05:33:36Z">
      <class name="TestPage.HomePageTest">
        <test-method status="PASS" signature="verifyWomenTag()[pri:0, instance:TestPage.HomePageTest@3b0fe47a]" name="verifyWomenTag" duration-ms="1548" started-at="2020-01-05T11:03:34Z" finished-at="2020-01-05T11:03:36Z">
          <reporter-output>
          </reporter-output>
        </test-method> <!-- verifyWomenTag -->
      </class> <!-- TestPage.HomePageTest -->
      <class name="TestPage.DressPageTest">
        <test-method status="PASS" signature="verifySsize()[pri:0, instance:TestPage.DressPageTest@117159c0]" name="verifySsize" duration-ms="3893" started-at="2020-01-05T11:03:30Z" finished-at="2020-01-05T11:03:34Z">
          <reporter-output>
          </reporter-output>
        </test-method> <!-- verifySsize -->
      </class> <!-- TestPage.DressPageTest -->
    </test> <!-- Test -->
  </suite> <!-- Suite -->
</testng-results>
